<?xml version="1.0" encoding="UTF-8"?>
<!-- Generated by org.testng.reporters.JUnitXMLReporter -->
<testsuite hostname="Lynn-PC" ignored="0" name="LoginTest" tests="7" failures="0" timestamp="2020-03-07T10:33:56 CST" time="14.19" errors="0">
  <testcase name="test" time="2.057" classname="com.autotest.testcase.BaseCase"/>
  <testcase name="test" time="2.022" classname="com.autotest.testcase.BaseCase"/>
  <testcase name="test" time="2.018" classname="com.autotest.testcase.BaseCase"/>
  <testcase name="test" time="2.013" classname="com.autotest.testcase.BaseCase"/>
  <testcase name="test" time="2.012" classname="com.autotest.testcase.BaseCase"/>
  <testcase name="test" time="2.027" classname="com.autotest.testcase.BaseCase"/>
  <testcase name="test" time="2.032" classname="com.autotest.testcase.BaseCase"/>
</testsuite> <!-- LoginTest -->
