<?xml version="1.0" encoding="UTF-8"?>
<!-- Generated by org.testng.reporters.JUnitXMLReporter -->
<testsuite hostname="Lynn-PC" ignored="0" name="RechargeTest" tests="4" failures="0" timestamp="2020-03-07T10:33:21 CST" time="10.44" errors="0">
  <testcase name="test" time="3.299" classname="com.autotest.testcase.BaseCase"/>
  <testcase name="test" time="2.02" classname="com.autotest.testcase.BaseCase"/>
  <testcase name="test" time="2.031" classname="com.autotest.testcase.BaseCase"/>
  <testcase name="test" time="2.018" classname="com.autotest.testcase.BaseCase"/>
</testsuite> <!-- RechargeTest -->
