<?xml version="1.0" encoding="UTF-8"?>
<!-- Generated by org.testng.reporters.JUnitXMLReporter -->
<testsuite hostname="Lynn-PC" ignored="0" name="RegisterTest" tests="10" failures="0" timestamp="2020-03-07T10:33:41 CST" time="20.277" errors="0">
  <testcase name="test" time="2.107" classname="com.autotest.testcase.BaseCase"/>
  <testcase name="test" time="2.016" classname="com.autotest.testcase.BaseCase"/>
  <testcase name="test" time="2.018" classname="com.autotest.testcase.BaseCase"/>
  <testcase name="test" time="2.02" classname="com.autotest.testcase.BaseCase"/>
  <testcase name="test" time="2.035" classname="com.autotest.testcase.BaseCase"/>
  <testcase name="test" time="2.016" classname="com.autotest.testcase.BaseCase"/>
  <testcase name="test" time="2.013" classname="com.autotest.testcase.BaseCase"/>
  <testcase name="test" time="2.014" classname="com.autotest.testcase.BaseCase"/>
  <testcase name="test" time="2.017" classname="com.autotest.testcase.BaseCase"/>
  <testcase name="test" time="2.01" classname="com.autotest.testcase.BaseCase"/>
</testsuite> <!-- RegisterTest -->
