<?xml version="1.0" encoding="UTF-8"?>
<!-- Generated by org.testng.reporters.JUnitXMLReporter -->
<testsuite hostname="Lynn-PC" name="Default test" tests="7" failures="0" timestamp="29 Feb 2020 10:40:40 GMT" time="1.361" errors="0">
  <testcase name="testRegister" time="0.813" classname="com.autotest.testcase.RegisterTest"/>
  <testcase name="testRegister" time="0.016" classname="com.autotest.testcase.RegisterTest"/>
  <testcase name="testRegister" time="0.014" classname="com.autotest.testcase.RegisterTest"/>
  <testcase name="testRegister" time="0.014" classname="com.autotest.testcase.RegisterTest"/>
  <testcase name="testRegister" time="0.011" classname="com.autotest.testcase.RegisterTest"/>
  <testcase name="testRegister" time="0.01" classname="com.autotest.testcase.RegisterTest"/>
  <testcase name="testRegister" time="0.015" classname="com.autotest.testcase.RegisterTest"/>
</testsuite> <!-- Default test -->
