<?xml version="1.0" encoding="UTF-8" ?>
<testsuite tests="21" failures="0" name="TestSuite" time="46.631" errors="0" skipped="0">
  <properties>
[...]
</properties>
  <testcase classname="com.autotest.testcase.RechargeCase" name="test" time="3.301"/>
  <testcase classname="com.autotest.testcase.RechargeCase" name="test" time="2.021"/>
  <testcase classname="com.autotest.testcase.RechargeCase" name="test" time="2.032"/>
  <testcase classname="com.autotest.testcase.RechargeCase" name="test" time="2.019"/>
  <testcase classname="com.autotest.testcase.RegisterCase" name="test" time="2.107"/>
  <testcase classname="com.autotest.testcase.RegisterCase" name="test" time="2.016"/>
  <testcase classname="com.autotest.testcase.RegisterCase" name="test" time="2.018"/>
  <testcase classname="com.autotest.testcase.RegisterCase" name="test" time="2.019"/>
  <testcase classname="com.autotest.testcase.RegisterCase" name="test" time="2.036"/>
  <testcase classname="com.autotest.testcase.RegisterCase" name="test" time="2.017"/>
  <testcase classname="com.autotest.testcase.RegisterCase" name="test" time="2.015"/>
  <testcase classname="com.autotest.testcase.RegisterCase" name="test" time="2.014"/>
  <testcase classname="com.autotest.testcase.RegisterCase" name="test" time="2.017"/>
  <testcase classname="com.autotest.testcase.RegisterCase" name="test" time="2.01"/>
  <testcase classname="com.autotest.testcase.LoginCase" name="test" time="2.057"/>
  <testcase classname="com.autotest.testcase.LoginCase" name="test" time="2.022"/>
  <testcase classname="com.autotest.testcase.LoginCase" name="test" time="2.019"/>
  <testcase classname="com.autotest.testcase.LoginCase" name="test" time="2.013"/>
  <testcase classname="com.autotest.testcase.LoginCase" name="test" time="2.013"/>
  <testcase classname="com.autotest.testcase.LoginCase" name="test" time="2.027"/>
  <testcase classname="com.autotest.testcase.LoginCase" name="test" time="2.032"/>
</testsuite>